{
  "0 debug pnpm:scope": {
    "selected": 1
  },
  "1 error pnpm": {
    "code": "ELIFECYCLE",
    "errno": "ENOENT",
    "syscall": "spawn",
    "file": "sh",
    "pkgid": "nxt-watch@1.0.0",
    "stage": "test",
    "script": "craco test",
    "pkgname": "nxt-watch",
    "err": {
      "name": "pnpm",
      "message": "nxt-watch@1.0.0 test: `craco test`\nspawn ENOENT",
      "code": "ELIFECYCLE",
      "stack": "pnpm: nxt-watch@1.0.0 test: `craco test`\nspawn ENOENT\n    at ChildProcess.<anonymous> (/usr/local/lib/node_modules/pnpm/dist/pnpm.cjs:92384:22)\n    at ChildProcess.emit (events.js:400:28)\n    at maybeClose (internal/child_process.js:1058:16)\n    at Process.ChildProcess._handle.onexit (internal/child_process.js:293:5)"
    }
  }
}